TN:
SF:/home/th3_bu6/portafolio/bugverse/bugverse-db/index.js
FN:10,(anonymous_0)
FNF:1
FNH:1
FNDA:9,(anonymous_0)
DA:3,9
DA:4,9
DA:5,9
DA:6,9
DA:7,9
DA:8,9
DA:10,9
DA:11,9
DA:23,9
DA:24,9
DA:25,9
DA:27,9
DA:28,9
DA:30,9
DA:32,9
DA:33,0
DA:36,9
DA:37,9
DA:38,9
LF:19
LH:18
BRDA:32,0,0,0
BRDA:32,0,1,9
BRF:2
BRH:1
end_of_record
TN:
SF:/home/th3_bu6/portafolio/bugverse/bugverse-db/lib/agent.js
FN:3,setupAgent
FN:4,createOrUpdate
FN:21,findById
FN:24,findByUuid
FN:31,findAll
FN:34,findConnected
FN:41,findByUserName
FNF:7
FNH:7
FNDA:9,setupAgent
FNDA:2,createOrUpdate
FNDA:1,findById
FNDA:1,findByUuid
FNDA:1,findAll
FNDA:1,findConnected
FNDA:1,findByUserName
DA:3,1
DA:5,2
DA:11,2
DA:13,2
DA:14,1
DA:15,1
DA:18,1
DA:19,1
DA:22,1
DA:25,1
DA:32,1
DA:35,1
DA:42,1
DA:50,9
LF:14
LH:14
BRDA:13,0,0,1
BRDA:13,0,1,1
BRDA:15,1,0,0
BRDA:15,1,1,1
BRF:4
BRH:3
end_of_record
TN:
SF:/home/th3_bu6/portafolio/bugverse/bugverse-db/lib/db.js
FN:6,setupDatabase
FNF:1
FNH:1
FNDA:9,setupDatabase
DA:3,1
DA:4,1
DA:6,1
DA:7,9
DA:8,1
DA:10,9
LF:6
LH:6
BRDA:7,0,0,1
BRDA:7,0,1,8
BRF:2
BRH:2
end_of_record
TN:
SF:/home/th3_bu6/portafolio/bugverse/bugverse-db/lib/metric.js
FN:3,setupMetric
FN:4,findByAgentUuid
FN:19,findByTypeAgentUuid
FN:38,create
FNF:4
FNH:1
FNDA:9,setupMetric
FNDA:0,findByAgentUuid
FNDA:0,findByTypeAgentUuid
FNDA:0,create
DA:3,1
DA:5,0
DA:20,0
DA:39,0
DA:42,0
DA:43,0
DA:44,0
DA:45,0
DA:48,9
LF:9
LH:2
BRDA:42,0,0,0
BRDA:42,0,1,0
BRF:2
BRH:0
end_of_record
TN:
SF:/home/th3_bu6/portafolio/bugverse/bugverse-db/models/agent.js
FN:6,setupAgentModel
FNF:1
FNH:0
FNDA:0,setupAgentModel
DA:3,1
DA:4,1
DA:6,1
DA:7,0
DA:9,0
LF:5
LH:3
BRF:0
BRH:0
end_of_record
TN:
SF:/home/th3_bu6/portafolio/bugverse/bugverse-db/models/metric.js
FN:6,setupMetricModel
FNF:1
FNH:0
FNDA:0,setupMetricModel
DA:3,1
DA:4,1
DA:6,1
DA:7,0
DA:9,0
LF:5
LH:3
BRF:0
BRH:0
end_of_record
